<?xml version="1.0" encoding="utf-8"?><testsuites name="pytest tests"><testsuite name="pytest" errors="0" failures="0" skipped="0" tests="5" time="9.691" timestamp="2026-05-24T16:17:54.872149+00:00" hostname="agent-env-5e6df34b-6869-4822-b6a4-ab7166149c3a"><testcase classname="backend.tests.test_api.TestResilientValidate" name="test_validate_returns_200_even_when_sendgrid_fails" time="1.971" /><testcase classname="backend.tests.test_api.TestResilientValidate" name="test_list_orders_includes_download_url_for_completed" time="1.632" /><testcase classname="backend.tests.test_api.TestResilientValidate" name="test_validate_idempotent_same_token_no_resend" time="1.619" /><testcase classname="backend.tests.test_api.TestResilientValidate" name="test_download_endpoint_works_with_token" time="2.340" /><testcase classname="backend.tests.test_api.TestResilientValidate" name="test_validate_expires_in_about_48h" time="1.282" /></testsuite></testsuites>