<?xml version="1.0" encoding="utf-8"?><testsuites name="pytest tests"><testsuite name="pytest" errors="0" failures="0" skipped="0" tests="24" time="17.075" timestamp="2026-05-23T23:20:51.866488+00:00" hostname="agent-env-5e6df34b-6869-4822-b6a4-ab7166149c3a"><testcase classname="backend.tests.test_api.TestConfig" name="test_config" time="0.201" /><testcase classname="backend.tests.test_api.TestPhotos" name="test_list_photos_seeded" time="0.156" /><testcase classname="backend.tests.test_api.TestAdminLogin" name="test_login_success" time="0.151" /><testcase classname="backend.tests.test_api.TestAdminLogin" name="test_login_wrong" time="0.162" /><testcase classname="backend.tests.test_api.TestUploadDelete" name="test_upload_requires_auth" time="0.191" /><testcase classname="backend.tests.test_api.TestUploadDelete" name="test_upload_and_delete_flow" time="1.250" /><testcase classname="backend.tests.test_api.TestOrders" name="test_create_order_invalid_email" time="0.336" /><testcase classname="backend.tests.test_api.TestOrders" name="test_create_order_invalid_method" time="0.348" /><testcase classname="backend.tests.test_api.TestOrders" name="test_create_order_empty_photos" time="0.172" /><testcase classname="backend.tests.test_api.TestOrders" name="test_create_and_get_order" time="0.476" /><testcase classname="backend.tests.test_api.TestOrders" name="test_get_order_not_found" time="0.172" /><testcase classname="backend.tests.test_api.TestAdminOrders" name="test_admin_orders_requires_auth" time="0.160" /><testcase classname="backend.tests.test_api.TestAdminOrders" name="test_admin_list_orders" time="0.649" /><testcase classname="backend.tests.test_api.TestAdminOrders" name="test_validate_order_changes_status_and_logs_email" time="1.158" /><testcase classname="backend.tests.test_api.TestAdminOrders" name="test_validate_requires_auth" time="0.702" /><testcase classname="backend.tests.test_api.TestAdminOrders" name="test_delete_order" time="0.749" /><testcase classname="backend.tests.test_api.TestAdminOrders" name="test_delete_requires_auth" time="0.175" /><testcase classname="backend.tests.test_api.TestDownloadFlow" name="test_download_info_valid_token" time="1.275" /><testcase classname="backend.tests.test_api.TestDownloadFlow" name="test_download_info_invalid_token" time="0.160" /><testcase classname="backend.tests.test_api.TestDownloadFlow" name="test_download_file_seed_unsplash" time="1.587" /><testcase classname="backend.tests.test_api.TestDownloadFlow" name="test_download_file_uploaded_photo" time="2.038" /><testcase classname="backend.tests.test_api.TestDownloadFlow" name="test_download_file_unauthorized_photo" time="1.502" /><testcase classname="backend.tests.test_api.TestDownloadFlow" name="test_download_expired_token_returns_410" time="1.652" /><testcase classname="backend.tests.test_api.TestDownloadFlow" name="test_validate_is_idempotent" time="1.343" /></testsuite></testsuites>