<?xml version="1.0" encoding="utf-8"?><testsuites name="pytest tests"><testsuite name="pytest" errors="0" failures="0" skipped="0" tests="28" time="20.657" timestamp="2026-05-24T11:03:27.494581+00:00" hostname="agent-env-5e6df34b-6869-4822-b6a4-ab7166149c3a"><testcase classname="backend.tests.test_api.TestConfig" name="test_config" time="0.206" /><testcase classname="backend.tests.test_api.TestPhotos" name="test_list_photos_seeded" time="0.164" /><testcase classname="backend.tests.test_api.TestAdminLogin" name="test_login_success" time="0.148" /><testcase classname="backend.tests.test_api.TestAdminLogin" name="test_login_wrong" time="0.184" /><testcase classname="backend.tests.test_api.TestPhotoUrlFix" name="test_unsplash_urls_returned_verbatim" time="0.144" /><testcase classname="backend.tests.test_api.TestPhotoUrlFix" name="test_uploaded_jpeg_returns_relative_url" time="1.032" /><testcase classname="backend.tests.test_api.TestPhotoUrlFix" name="test_startup_migration_strips_legacy_netlify_prefix" time="3.700" /><testcase classname="backend.tests.test_api.TestUploadDelete" name="test_upload_requires_auth" time="0.206" /><testcase classname="backend.tests.test_api.TestUploadDelete" name="test_upload_and_delete_flow" time="1.314" /><testcase classname="backend.tests.test_api.TestOrders" name="test_create_order_invalid_email" time="0.267" /><testcase classname="backend.tests.test_api.TestOrders" name="test_create_order_invalid_method" time="0.269" /><testcase classname="backend.tests.test_api.TestOrders" name="test_create_order_empty_photos" time="0.132" /><testcase classname="backend.tests.test_api.TestOrders" name="test_create_and_get_order" time="0.412" /><testcase classname="backend.tests.test_api.TestOrders" name="test_get_order_not_found" time="0.149" /><testcase classname="backend.tests.test_api.TestAdminOrders" name="test_admin_orders_requires_auth" time="0.132" /><testcase classname="backend.tests.test_api.TestAdminOrders" name="test_admin_list_orders" time="0.584" /><testcase classname="backend.tests.test_api.TestAdminOrders" name="test_validate_order_changes_status_and_logs_email" time="1.154" /><testcase classname="backend.tests.test_api.TestAdminOrders" name="test_validate_requires_auth" time="0.586" /><testcase classname="backend.tests.test_api.TestAdminOrders" name="test_delete_order" time="0.549" /><testcase classname="backend.tests.test_api.TestAdminOrders" name="test_delete_requires_auth" time="0.160" /><testcase classname="backend.tests.test_api.TestDownloadFlow" name="test_download_info_valid_token" time="1.080" /><testcase classname="backend.tests.test_api.TestDownloadFlow" name="test_download_info_invalid_token" time="0.129" /><testcase classname="backend.tests.test_api.TestDownloadFlow" name="test_download_file_seed_unsplash" time="1.586" /><testcase classname="backend.tests.test_api.TestDownloadFlow" name="test_download_file_uploaded_photo" time="1.769" /><testcase classname="backend.tests.test_api.TestDownloadFlow" name="test_download_file_unauthorized_photo" time="1.173" /><testcase classname="backend.tests.test_api.TestDownloadFlow" name="test_download_expired_token_returns_410" time="1.120" /><testcase classname="backend.tests.test_api.TestDownloadFlow" name="test_validate_sets_48h_ttl" time="0.983" /><testcase classname="backend.tests.test_api.TestDownloadFlow" name="test_validate_is_idempotent" time="1.081" /></testsuite></testsuites>